<?xml version="1.0" encoding="UTF-8"?>
<!-- Generated by org.testng.reporters.JUnitReportReporter -->
<testsuite skipped="0" hostname="LAPTOP-A8332NNU" name="com.Automation.GmailNew.Gmail" tests="1" failures="0" timestamp="11 Jun 2018 10:42:04 GMT" time="0.010" errors="0">
  <testcase name="verifyEmailSent" time="0.010" classname="com.Automation.GmailNew.Gmail"/>
</testsuite> <!-- com.Automation.GmailNew.Gmail -->
